Log file open, 02/22/23 17:22:59
LogWindows: Failed to load 'aqProf.dll' (GetLastError=126)
LogWindows: File 'aqProf.dll' does not exist
LogWindows: Failed to load 'VtuneApi.dll' (GetLastError=126)
LogWindows: File 'VtuneApi.dll' does not exist
LogWindows: Failed to load 'VtuneApi32e.dll' (GetLastError=126)
LogWindows: File 'VtuneApi32e.dll' does not exist
LogInit: Display: Running engine for game: FPSGame
LogPlatformFile: Not using cached read wrapper
LogInit: Display: RandInit(-1462553669) SRandInit(-1462553669).
LogInit: Read version file with build ID '3944462'
LogInit: Overriding engine version to CL 4033788, compatible CL 3944462
LogInit: Registered custom module enumerator with build ID '3944462'
LogTaskGraph: Started task graph with 5 named threads and 47 total threads with 3 sets of task threads.
LogStats: Stats thread started at 1.088090
LogD3D11RHI: Aftermath initialized
LogICUInternationalization: Display: ICU TimeZone Detection - Raw Offset: +9:00, Platform Override: ''
LogPluginManager: Mounting plugin Paper2D
LogPluginManager: Mounting plugin LiveLink
LogPluginManager: Mounting plugin LightPropagationVolume
LogPluginManager: Mounting plugin CLionSourceCodeAccess
LogPluginManager: Mounting plugin CodeLiteSourceCodeAccess
LogPluginManager: Mounting plugin GitSourceControl
LogPluginManager: Mounting plugin KDevelopSourceCodeAccess
LogPluginManager: Mounting plugin NullSourceCodeAccess
LogPluginManager: Mounting plugin PerforceSourceControl
LogPluginManager: Mounting plugin SubversionSourceControl
LogPluginManager: Mounting plugin UObjectPlugin
LogPluginManager: Mounting plugin VisualStudioCodeSourceCodeAccess
LogPluginManager: Mounting plugin VisualStudioSourceCodeAccess
LogPluginManager: Mounting plugin XCodeSourceCodeAccess
LogPluginManager: Mounting plugin AssetManagerEditor
LogPluginManager: Mounting plugin CryptoKeys
LogPluginManager: Mounting plugin DataValidation
LogPluginManager: Mounting plugin FacialAnimation
LogPluginManager: Mounting plugin GameplayTagsEditor
LogPluginManager: Mounting plugin MobileLauncherProfileWizard
LogPluginManager: Mounting plugin PluginBrowser
LogPluginManager: Mounting plugin SpeedTreeImporter
LogPluginManager: Mounting plugin DatasmithContent
LogPluginManager: Mounting plugin AlembicImporter
LogPluginManager: Mounting plugin CharacterAI
LogPluginManager: Mounting plugin HTML5Networking
LogPluginManager: Mounting plugin AndroidMedia
LogPluginManager: Mounting plugin AvfMedia
LogPluginManager: Mounting plugin ImgMedia
LogPluginManager: Mounting plugin LinearTimecode
LogPluginManager: Mounting plugin MediaCompositing
LogPluginManager: Mounting plugin MediaPlayerEditor
LogPluginManager: Mounting plugin WmfMedia
LogPluginManager: Mounting plugin TcpMessaging
LogPluginManager: Mounting plugin UdpMessaging
LogPluginManager: Mounting plugin ActorSequence
LogPluginManager: Mounting plugin LevelSequenceEditor
LogPluginManager: Mounting plugin MatineeToLevelSequence
LogPluginManager: Mounting plugin NetcodeUnitTest
LogPluginManager: Mounting plugin NUTUnrealEngine4
LogPluginManager: Mounting plugin OnlineSubsystemGooglePlay
LogPluginManager: Mounting plugin OnlineSubsystemIOS
LogPluginManager: Mounting plugin OnlineSubsystem
LogPluginManager: Mounting plugin OnlineSubsystemNull
LogPluginManager: Mounting plugin OnlineSubsystemUtils
LogPluginManager: Mounting plugin AndroidDeviceProfileSelector
LogPluginManager: Mounting plugin AndroidMoviePlayer
LogPluginManager: Mounting plugin AndroidPermission
LogPluginManager: Mounting plugin AppleARKit
LogPluginManager: Mounting plugin AppleMoviePlayer
LogPluginManager: Mounting plugin ArchVisCharacter
LogPluginManager: Mounting plugin AudioCapture
LogPluginManager: Mounting plugin CableComponent
LogPluginManager: Mounting plugin CustomMeshComponent
LogPluginManager: Mounting plugin ExampleDeviceProfileSelector
LogPluginManager: Mounting plugin GoogleCloudMessaging
LogPluginManager: Mounting plugin ImmediatePhysics
LogPluginManager: Mounting plugin IOSDeviceProfileSelector
LogPluginManager: Mounting plugin LinuxDeviceProfileSelector
LogPluginManager: Mounting plugin LocationServicesBPLibrary
LogPluginManager: Mounting plugin MobilePatchingUtils
LogPluginManager: Mounting plugin OculusVR
LogPluginManager: Plugin shader directory ../../../Engine/Plugins/Runtime/Oculus/OculusVR/Shaders found
LogPluginManager: Mapping shader source directory ../../../Engine/Plugins/Runtime/Oculus/OculusVR/Shaders to virtual directory /Plugin/OculusVR
LogPluginManager: Mounting plugin PhysXVehicles
LogPluginManager: Mounting plugin ProceduralMeshComponent
LogPluginManager: Mounting plugin RuntimePhysXCooking
LogPluginManager: Mounting plugin SteamVR
LogPluginManager: Mounting plugin WindowsMoviePlayer
LogStreaming: Display: Took  0.118s to configure plugins.
LogModuleManager: Display: Found up-to-date module file ../../../../../../UE_Project/StealthGame/Binaries/Win64/UE4Editor-FPSGame-5267.dll (API version 3944462).
LogModuleManager: Display: Found up-to-date module file ../../../Engine/Plugins/2D/Paper2D/Binaries/Win64/UE4Editor-Paper2D.dll (API version 3944462).
LogModuleManager: Display: Found up-to-date module file ../../../Engine/Plugins/2D/Paper2D/Binaries/Win64/UE4Editor-Paper2DEditor.dll (API version 3944462).
LogModuleManager: Display: Found up-to-date module file ../../../Engine/Plugins/2D/Paper2D/Binaries/Win64/UE4Editor-PaperSpriteSheetImporter.dll (API version 3944462).
LogModuleManager: Display: Found up-to-date module file ../../../Engine/Plugins/2D/Paper2D/Binaries/Win64/UE4Editor-PaperTiledImporter.dll (API version 3944462).
LogModuleManager: Display: Found up-to-date module file ../../../Engine/Plugins/2D/Paper2D/Binaries/Win64/UE4Editor-SmartSnapping.dll (API version 3944462).
LogModuleManager: Display: Found up-to-date module file ../../../Engine/Plugins/Animation/LiveLink/Binaries/Win64/UE4Editor-LiveLink.dll (API version 3944462).
LogModuleManager: Display: Found up-to-date module file ../../../Engine/Plugins/Animation/LiveLink/Binaries/Win64/UE4Editor-LiveLinkEditor.dll (API version 3944462).
LogModuleManager: Display: Found up-to-date module file ../../../Engine/Plugins/Blendables/LightPropagationVolume/Binaries/Win64/UE4Editor-LightPropagationVolumeRuntime.dll (API version 3944462).
LogModuleManager: Display: Found up-to-date module file ../../../Engine/Plugins/Blendables/LightPropagationVolume/Binaries/Win64/UE4Editor-LightPropagationVolumeEditor.dll (API version 3944462).
LogModuleManager: Display: Found up-to-date module file ../../../Engine/Plugins/Developer/CLionSourceCodeAccess/Binaries/Win64/UE4Editor-CLionSourceCodeAccess.dll (API version 3944462).
LogModuleManager: Display: Found up-to-date module file ../../../Engine/Plugins/Developer/GitSourceControl/Binaries/Win64/UE4Editor-GitSourceControl.dll (API version 3944462).
LogModuleManager: Display: Found up-to-date module file ../../../Engine/Plugins/Developer/PerforceSourceControl/Binaries/Win64/UE4Editor-PerforceSourceControl.dll (API version 3944462).
LogModuleManager: Display: Found up-to-date module file ../../../Engine/Plugins/Developer/SubversionSourceControl/Binaries/Win64/UE4Editor-SubversionSourceControl.dll (API version 3944462).
LogModuleManager: Display: Found up-to-date module file ../../../Engine/Plugins/Developer/UObjectPlugin/Binaries/Win64/UE4Editor-UObjectPlugin.dll (API version 3944462).
LogModuleManager: Display: Found up-to-date module file ../../../Engine/Plugins/Developer/VisualStudioCodeSourceCodeAccess/Binaries/Win64/UE4Editor-VisualStudioCodeSourceCodeAccess.dll (API version 3944462).
LogModuleManager: Display: Found up-to-date module file ../../../Engine/Plugins/Developer/VisualStudioSourceCodeAccess/Binaries/Win64/UE4Editor-VisualStudioSourceCodeAccess.dll (API version 3944462).
LogModuleManager: Display: Found up-to-date module file ../../../Engine/Plugins/Editor/AssetManagerEditor/Binaries/Win64/UE4Editor-AssetManagerEditor.dll (API version 3944462).
LogModuleManager: Display: Found up-to-date module file ../../../Engine/Plugins/Editor/CryptoKeys/Binaries/Win64/UE4Editor-CryptoKeys.dll (API version 3944462).
LogModuleManager: Display: Found up-to-date module file ../../../Engine/Plugins/Editor/CryptoKeys/Binaries/Win64/UE4Editor-CryptoKeysOpenSSL.dll (API version 3944462).
LogModuleManager: Display: Found up-to-date module file ../../../Engine/Plugins/Editor/DataValidation/Binaries/Win64/UE4Editor-DataValidation.dll (API version 3944462).
LogModuleManager: Display: Found up-to-date module file ../../../Engine/Plugins/Editor/FacialAnimation/Binaries/Win64/UE4Editor-FacialAnimation.dll (API version 3944462).
LogModuleManager: Display: Found up-to-date module file ../../../Engine/Plugins/Editor/FacialAnimation/Binaries/Win64/UE4Editor-FacialAnimationEditor.dll (API version 3944462).
LogModuleManager: Display: Found up-to-date module file ../../../Engine/Plugins/Editor/GameplayTagsEditor/Binaries/Win64/UE4Editor-GameplayTagsEditor.dll (API version 3944462).
LogModuleManager: Display: Found up-to-date module file ../../../Engine/Plugins/Editor/MobileLauncherProfileWizard/Binaries/Win64/UE4Editor-MobileLauncherProfileWizard.dll (API version 3944462).
LogModuleManager: Display: Found up-to-date module file ../../../Engine/Plugins/Editor/PluginBrowser/Binaries/Win64/UE4Editor-PluginBrowser.dll (API version 3944462).
LogModuleManager: Display: Found up-to-date module file ../../../Engine/Plugins/Editor/SpeedTreeImporter/Binaries/Win64/UE4Editor-SpeedTreeImporter.dll (API version 3944462).
LogModuleManager: Display: Found up-to-date module file ../../../Engine/Plugins/Enterprise/DatasmithContent/Binaries/Win64/UE4Editor-DatasmithContent.dll (API version 3944462).
LogModuleManager: Display: Found up-to-date module file ../../../Engine/Plugins/Experimental/AlembicImporter/Binaries/Win64/UE4Editor-AlembicImporter.dll (API version 3944462).
LogModuleManager: Display: Found up-to-date module file ../../../Engine/Plugins/Experimental/AlembicImporter/Binaries/Win64/UE4Editor-AlembicLibrary.dll (API version 3944462).
LogModuleManager: Display: Found up-to-date module file ../../../Engine/Plugins/Experimental/CharacterAI/Binaries/Win64/UE4Editor-CharacterAI.dll (API version 3944462).
LogModuleManager: Display: Found up-to-date module file ../../../Engine/Plugins/Experimental/HTML5Networking/Binaries/Win64/UE4Editor-HTML5Networking.dll (API version 3944462).
LogModuleManager: Display: Found up-to-date module file ../../../Engine/Plugins/Media/AndroidMedia/Binaries/Win64/UE4Editor-AndroidMediaEditor.dll (API version 3944462).
LogModuleManager: Display: Found up-to-date module file ../../../Engine/Plugins/Media/AndroidMedia/Binaries/Win64/UE4Editor-AndroidMediaFactory.dll (API version 3944462).
LogModuleManager: Display: Found up-to-date module file ../../../Engine/Plugins/Media/AvfMedia/Binaries/Win64/UE4Editor-AvfMediaEditor.dll (API version 3944462).
LogModuleManager: Display: Found up-to-date module file ../../../Engine/Plugins/Media/AvfMedia/Binaries/Win64/UE4Editor-AvfMediaFactory.dll (API version 3944462).
LogModuleManager: Display: Found up-to-date module file ../../../Engine/Plugins/Media/AvfMedia/Binaries/Win64/UE4Editor-AvfMediaFactory.dll (API version 3944462).
LogModuleManager: Display: Found up-to-date module file ../../../Engine/Plugins/Media/ImgMedia/Binaries/Win64/UE4Editor-ImgMedia.dll (API version 3944462).
LogModuleManager: Display: Found up-to-date module file ../../../Engine/Plugins/Media/ImgMedia/Binaries/Win64/UE4Editor-ImgMediaEditor.dll (API version 3944462).
LogModuleManager: Display: Found up-to-date module file ../../../Engine/Plugins/Media/ImgMedia/Binaries/Win64/UE4Editor-ImgMediaFactory.dll (API version 3944462).
LogModuleManager: Display: Found up-to-date module file ../../../Engine/Plugins/Media/ImgMedia/Binaries/Win64/UE4Editor-ImgMediaFactory.dll (API version 3944462).
LogModuleManager: Display: Found up-to-date module file ../../../Engine/Plugins/Media/ImgMedia/Binaries/Win64/UE4Editor-OpenExrWrapper.dll (API version 3944462).
LogModuleManager: Display: Found up-to-date module file ../../../Engine/Plugins/Media/LinearTimecode/Binaries/Win64/UE4Editor-LinearTimecode.dll (API version 3944462).
LogModuleManager: Display: Found up-to-date module file ../../../Engine/Plugins/Media/MediaCompositing/Binaries/Win64/UE4Editor-MediaCompositing.dll (API version 3944462).
LogModuleManager: Display: Found up-to-date module file ../../../Engine/Plugins/Media/MediaCompositing/Binaries/Win64/UE4Editor-MediaCompositingEditor.dll (API version 3944462).
LogModuleManager: Display: Found up-to-date module file ../../../Engine/Plugins/Media/MediaPlayerEditor/Binaries/Win64/UE4Editor-MediaPlayerEditor.dll (API version 3944462).
LogModuleManager: Display: Found up-to-date module file ../../../Engine/Plugins/Media/WmfMedia/Binaries/Win64/UE4Editor-WmfMedia.dll (API version 3944462).
LogModuleManager: Display: Found up-to-date module file ../../../Engine/Plugins/Media/WmfMedia/Binaries/Win64/UE4Editor-WmfMediaEditor.dll (API version 3944462).
LogModuleManager: Display: Found up-to-date module file ../../../Engine/Plugins/Media/WmfMedia/Binaries/Win64/UE4Editor-WmfMediaFactory.dll (API version 3944462).
LogModuleManager: Display: Found up-to-date module file ../../../Engine/Plugins/Media/WmfMedia/Binaries/Win64/UE4Editor-WmfMediaFactory.dll (API version 3944462).
LogModuleManager: Display: Found up-to-date module file ../../../Engine/Plugins/Messaging/TcpMessaging/Binaries/Win64/UE4Editor-TcpMessaging.dll (API version 3944462).
LogModuleManager: Display: Found up-to-date module file ../../../Engine/Plugins/Messaging/UdpMessaging/Binaries/Win64/UE4Editor-UdpMessaging.dll (API version 3944462).
LogModuleManager: Display: Found up-to-date module file ../../../Engine/Plugins/MovieScene/ActorSequence/Binaries/Win64/UE4Editor-ActorSequence.dll (API version 3944462).
LogModuleManager: Display: Found up-to-date module file ../../../Engine/Plugins/MovieScene/LevelSequenceEditor/Binaries/Win64/UE4Editor-LevelSequenceEditor.dll (API version 3944462).
LogModuleManager: Display: Found up-to-date module file ../../../Engine/Plugins/MovieScene/MatineeToLevelSequence/Binaries/Win64/UE4Editor-MatineeToLevelSequence.dll (API version 3944462).
LogModuleManager: Display: Found up-to-date module file ../../../Engine/Plugins/NetcodeUnitTest/NetcodeUnitTest/Binaries/Win64/UE4Editor-NetcodeUnitTest.dll (API version 3944462).
LogModuleManager: Display: Found up-to-date module file ../../../Engine/Plugins/NetcodeUnitTest/NUTUnrealEngine4/Binaries/Win64/UE4Editor-NUTUnrealEngine4.dll (API version 3944462).
LogModuleManager: Display: Found up-to-date module file ../../../Engine/Plugins/Online/OnlineSubsystem/Binaries/Win64/UE4Editor-OnlineSubsystem.dll (API version 3944462).
LogModuleManager: Display: Found up-to-date module file ../../../Engine/Plugins/Online/OnlineSubsystemNull/Binaries/Win64/UE4Editor-OnlineSubsystemNull.dll (API version 3944462).
LogModuleManager: Display: Found up-to-date module file ../../../Engine/Plugins/Online/OnlineSubsystemUtils/Binaries/Win64/UE4Editor-OnlineSubsystemUtils.dll (API version 3944462).
LogModuleManager: Display: Found up-to-date module file ../../../Engine/Plugins/Online/OnlineSubsystemUtils/Binaries/Win64/UE4Editor-OnlineBlueprintSupport.dll (API version 3944462).
LogModuleManager: Display: Found up-to-date module file ../../../Engine/Plugins/Runtime/AndroidDeviceProfileSelector/Binaries/Win64/UE4Editor-AndroidDeviceProfileSelector.dll (API version 3944462).
LogModuleManager: Display: Found up-to-date module file ../../../Engine/Plugins/Runtime/AndroidPermission/Binaries/Win64/UE4Editor-AndroidPermission.dll (API version 3944462).
LogModuleManager: Display: Found up-to-date module file ../../../Engine/Plugins/Runtime/AppleARKit/Binaries/Win64/UE4Editor-AppleARKit.dll (API version 3944462).
LogModuleManager: Display: Found up-to-date module file ../../../Engine/Plugins/Runtime/ArchVisCharacter/Binaries/Win64/UE4Editor-ArchVisCharacter.dll (API version 3944462).
LogModuleManager: Display: Found up-to-date module file ../../../Engine/Plugins/Runtime/AudioCapture/Binaries/Win64/UE4Editor-AudioCapture.dll (API version 3944462).
LogModuleManager: Display: Found up-to-date module file ../../../Engine/Plugins/Runtime/AudioCapture/Binaries/Win64/UE4Editor-AudioCaptureEditor.dll (API version 3944462).
LogModuleManager: Display: Found up-to-date module file ../../../Engine/Plugins/Runtime/CableComponent/Binaries/Win64/UE4Editor-CableComponent.dll (API version 3944462).
LogModuleManager: Display: Found up-to-date module file ../../../Engine/Plugins/Runtime/CustomMeshComponent/Binaries/Win64/UE4Editor-CustomMeshComponent.dll (API version 3944462).
LogModuleManager: Display: Found up-to-date module file ../../../Engine/Plugins/Runtime/ExampleDeviceProfileSelector/Binaries/Win64/UE4Editor-ExampleDeviceProfileSelector.dll (API version 3944462).
LogModuleManager: Display: Found up-to-date module file ../../../Engine/Plugins/Runtime/ImmediatePhysics/Binaries/Win64/UE4Editor-ImmediatePhysics.dll (API version 3944462).
LogModuleManager: Display: Found up-to-date module file ../../../Engine/Plugins/Runtime/ImmediatePhysics/Binaries/Win64/UE4Editor-ImmediatePhysicsEditor.dll (API version 3944462).
LogModuleManager: Display: Found up-to-date module file ../../../Engine/Plugins/Runtime/LocationServicesBPLibrary/Binaries/Win64/UE4Editor-LocationServicesBPLibrary.dll (API version 3944462).
LogModuleManager: Display: Found up-to-date module file ../../../Engine/Plugins/Runtime/MobilePatchingUtils/Binaries/Win64/UE4Editor-MobilePatchingUtils.dll (API version 3944462).
LogModuleManager: Display: Found up-to-date module file ../../../Engine/Plugins/Runtime/Oculus/OculusVR/Binaries/Win64/UE4Editor-OculusHMD.dll (API version 3944462).
LogModuleManager: Display: Found up-to-date module file ../../../Engine/Plugins/Runtime/Oculus/OculusVR/Binaries/Win64/UE4Editor-OculusInput.dll (API version 3944462).
LogModuleManager: Display: Found up-to-date module file ../../../Engine/Plugins/Runtime/Oculus/OculusVR/Binaries/Win64/UE4Editor-OculusEditor.dll (API version 3944462).
LogModuleManager: Display: Found up-to-date module file ../../../Engine/Plugins/Runtime/PhysXVehicles/Binaries/Win64/UE4Editor-PhysXVehicles.dll (API version 3944462).
LogModuleManager: Display: Found up-to-date module file ../../../Engine/Plugins/Runtime/PhysXVehicles/Binaries/Win64/UE4Editor-PhysXVehiclesEditor.dll (API version 3944462).
LogModuleManager: Display: Found up-to-date module file ../../../Engine/Plugins/Runtime/ProceduralMeshComponent/Binaries/Win64/UE4Editor-ProceduralMeshComponent.dll (API version 3944462).
LogModuleManager: Display: Found up-to-date module file ../../../Engine/Plugins/Runtime/ProceduralMeshComponent/Binaries/Win64/UE4Editor-ProceduralMeshComponentEditor.dll (API version 3944462).
LogModuleManager: Display: Found up-to-date module file ../../../Engine/Plugins/Runtime/RuntimePhysXCooking/Binaries/Win64/UE4Editor-RuntimePhysXCooking.dll (API version 3944462).
LogModuleManager: Display: Found up-to-date module file ../../../Engine/Plugins/Runtime/Steam/SteamVR/Binaries/Win64/UE4Editor-SteamVR.dll (API version 3944462).
LogModuleManager: Display: Found up-to-date module file ../../../Engine/Plugins/Runtime/Steam/SteamVR/Binaries/Win64/UE4Editor-SteamVRController.dll (API version 3944462).
LogModuleManager: Display: Found up-to-date module file ../../../Engine/Plugins/Runtime/WindowsMoviePlayer/Binaries/Win64/UE4Editor-WindowsMoviePlayer.dll (API version 3944462).
LogInit: Using libcurl 7.47.1
LogInit:  - built for x86_64-pc-win32
LogInit:  - supports SSL with OpenSSL/1.0.2g
LogInit:  - supports HTTP deflate (compression) using libz 1.2.8
LogInit:  - other features:
LogInit:      CURL_VERSION_SSL
LogInit:      CURL_VERSION_LIBZ
LogInit:      CURL_VERSION_IPV6
LogInit:      CURL_VERSION_ASYNCHDNS
LogInit:      CURL_VERSION_LARGEFILE
LogInit:      CURL_VERSION_IDN
LogInit:  CurlRequestOptions (configurable via config and command line):
LogInit:  - bVerifyPeer = false  - Libcurl will NOT verify peer certificate
LogInit:  - bUseHttpProxy = false  - Libcurl will NOT use HTTP proxy
LogInit:  - bDontReuseConnections = false  - Libcurl will reuse connections
LogInit:  - CertBundlePath = nullptr  - Libcurl will use whatever was configured at build time.
LogInit:  - MaxHostConnections = 16  - Libcurl will limit the number of connections to a host
LogInit:  - LocalHostAddr = Default
LogInit: WinSock: version 1.1 (2.2), MaxSocks=32767, MaxUdp=65467
LogInit: WinSock: I am DESKTOP-A4CSULD (175.197.228.182:0)
LogInit: Build: ++UE4+Release-4.19-CL-4033788
LogInit: Engine Version: 4.19.2-4033788+++UE4+Release-4.19
LogInit: Compatible Engine Version: 4.19.0-3944462+++UE4+Release-4.19
LogInit: Net CL: 3944462
LogDevObjectVersion: Number of dev versions registered: 18
LogDevObjectVersion:   Dev-Blueprints (B0D832E4-1F89-4F0D-ACCF-7EB736FD4AA2): 10
LogDevObjectVersion:   Dev-Build (E1C64328-A22C-4D53-A36C-8E866417BD8C): 0
LogDevObjectVersion:   Dev-Core (375EC13C-06E4-48FB-B500-84F0262A717E): 2
LogDevObjectVersion:   Dev-Editor (E4B068ED-F494-42E9-A231-DA0B2E46BB41): 23
LogDevObjectVersion:   Dev-Framework (CFFC743F-43B0-4480-9391-14DF171D2073): 33
LogDevObjectVersion:   Dev-Mobile (B02B49B5-BB20-44E9-A304-32B752E40360): 2
LogDevObjectVersion:   Dev-Networking (A4E4105C-59A1-49B5-A7C5-40C4547EDFEE): 0
LogDevObjectVersion:   Dev-Online (39C831C9-5AE6-47DC-9A44-9C173E1C8E7C): 0
LogDevObjectVersion:   Dev-Physics (78F01B33-EBEA-4F98-B9B4-84EACCB95AA2): 0
LogDevObjectVersion:   Dev-Platform (6631380F-2D4D-43E0-8009-CF276956A95A): 0
LogDevObjectVersion:   Dev-Rendering (12F88B9F-8875-4AFC-A67C-D90C383ABD29): 25
LogDevObjectVersion:   Dev-Sequencer (7B5AE74C-D270-4C10-A958-57980B212A5A): 6
LogDevObjectVersion:   Dev-VR (D7296918-1DD6-4BDD-9DE2-64A83CC13884): 1
LogDevObjectVersion:   Dev-LoadTimes (C2A15278-BFE7-4AFE-6C17-90FF531DF755): 1
LogDevObjectVersion:   Private-Geometry (6EACA3D4-40EC-4CC1-B786-8BED09428FC5): 2
LogDevObjectVersion:   Dev-AnimPhys (29E575DD-E0A3-4627-9D10-D276232CDCEA): 16
LogDevObjectVersion:   Dev-ReflectionCapture (6B266CEC-1EC7-4B8F-A30B-E4D90942FC07): 1
LogDevObjectVersion:   Dev-Automation (0DF73D61-A23F-47EA-B727-89E90C41499A): 1
LogInit: Compiled (64-bit): Apr 27 2018 02:06:57
LogInit: Compiled with Visual C++: 19.00.24215.01
LogInit: Build Configuration: Development
LogInit: Branch Name: ++UE4+Release-4.19
LogInit: Command Line:  -skipcompile
LogInit: Base Directory: D:/Tools/EpicGames/UE_4.19/Engine/Binaries/Win64/
LogInit: Installed Engine Build: 1
LogStreaming: Display: Took  0.000s to delete old logs.
LogInit: Presizing for max 8388607 objects, including 0 objects not considered by GC, pre-allocating 0 bytes for permanent pool.
LogInit: Object subsystem initialized
[2023.02.22-08.23.03:745][  0]LogInit: Selected Device Profile: [Windows]
[2023.02.22-08.23.03:745][  0]LogInit: Applying CVar settings loaded from the selected device profile: [Windows]
[2023.02.22-08.23.03:755][  0]LogInit: Computer: DESKTOP-A4CSULD
[2023.02.22-08.23.03:756][  0]LogInit: User: 82104
[2023.02.22-08.23.03:756][  0]LogInit: CPU Page size=4096, Cores=8
[2023.02.22-08.23.03:756][  0]LogInit: High frequency timer resolution =10.000000 MHz
[2023.02.22-08.23.03:756][  0]LogMemory: Memory total: Physical=31.9GB (32GB approx)
[2023.02.22-08.23.03:756][  0]LogMemory: Platform Memory Stats for Windows
[2023.02.22-08.23.03:756][  0]LogMemory: Process Physical Memory: 277.52 MB used, 277.52 MB peak
[2023.02.22-08.23.03:756][  0]LogMemory: Process Virtual Memory: 273.11 MB used, 273.11 MB peak
[2023.02.22-08.23.03:756][  0]LogMemory: Physical Memory: 11212.49 MB used,  21503.63 MB free, 32716.11 MB total
[2023.02.22-08.23.03:756][  0]LogMemory: Virtual Memory: 4813.34 MB used,  21503.63 MB free, 134217728.00 MB total
[2023.02.22-08.23.04:385][  0]LogInit: Using OS detected language (ko-KR).
[2023.02.22-08.23.04:385][  0]LogInit: Using OS detected locale (ko-KR).
[2023.02.22-08.23.04:388][  0]LogTextLocalizationManager: No specific localization for 'ko-KR' exists, so the 'ko' localization will be used.
[2023.02.22-08.23.04:891][  0]LogStreaming: Display: Took  0.506s to EndInitTextLocalization.
[2023.02.22-08.23.04:892][  0]LogInit: Setting process to per monitor DPI aware
[2023.02.22-08.23.05:019][  0]LogSlate: New Slate User Created.  User Index 0, Is Virtual User: 0
[2023.02.22-08.23.05:019][  0]LogSlate: Slate User Registered.  User Index 0, Is Virtual User: 0
[2023.02.22-08.23.05:294][  0]LogD3D11RHI: D3D11 adapters:
[2023.02.22-08.23.05:528][  0]LogD3D11RHI:    0. 'NVIDIA GeForce GTX 1660 Ti' (Feature Level 11_0)
[2023.02.22-08.23.05:528][  0]LogD3D11RHI:       5979/0/16358 MB DedicatedVideo/DedicatedSystem/SharedSystem, Outputs:2, VendorId:0x10de
[2023.02.22-08.23.05:557][  0]LogD3D11RHI:    1. 'Microsoft Basic Render Driver' (Feature Level 11_0)
[2023.02.22-08.23.05:557][  0]LogD3D11RHI:       0/0/16358 MB DedicatedVideo/DedicatedSystem/SharedSystem, Outputs:0, VendorId:0x1414
[2023.02.22-08.23.05:557][  0]LogD3D11RHI: Chosen D3D11 Adapter: 0
[2023.02.22-08.23.05:568][  0]LogD3D11RHI: Creating new Direct3DDevice
[2023.02.22-08.23.05:568][  0]LogD3D11RHI:     GPU DeviceId: 0x2182 (for the marketing name, search the web for "GPU Device Id")
[2023.02.22-08.23.05:569][  0]LogWindows: EnumDisplayDevices:
[2023.02.22-08.23.05:569][  0]LogWindows:    0. 'NVIDIA GeForce GTX 1660 Ti' (P:1 D:1)
[2023.02.22-08.23.05:569][  0]LogWindows:    1. 'NVIDIA GeForce GTX 1660 Ti' (P:0 D:1)
[2023.02.22-08.23.05:569][  0]LogWindows:    2. 'NVIDIA GeForce GTX 1660 Ti' (P:0 D:0)
[2023.02.22-08.23.05:570][  0]LogWindows:    3. 'NVIDIA GeForce GTX 1660 Ti' (P:0 D:0)
[2023.02.22-08.23.05:570][  0]LogWindows: DebugString: GetVideoDriverDetailsInvalid PrimaryIsNotTheChoosenAdapter GetVideoDriverDetailsInvalid PrimaryIsNotTheChoosenAdapter GetVideoDriverDetailsInvalid PrimaryIsNotTheChoosenAdapter GetVideoDriverDetailsInvalid PrimaryIsNotTheChoosenAdapter FoundDriverCount:0 
[2023.02.22-08.23.05:570][  0]LogD3D11RHI:     Adapter Name: NVIDIA GeForce GTX 1660 Ti
[2023.02.22-08.23.05:570][  0]LogD3D11RHI:   Driver Version: Unknown (internal:Unknown, unified:Unknown)
[2023.02.22-08.23.05:570][  0]LogD3D11RHI:      Driver Date: Unknown
[2023.02.22-08.23.05:570][  0]LogRHI: Texture pool is 4185 MB (70% of 5979 MB)
[2023.02.22-08.23.05:691][  0]LogD3D11RHI: [Aftermath] Aftermath enabled and primed
[2023.02.22-08.23.05:691][  0]LogD3D11RHI: [Aftermath] Aftermath enabled and primed
[2023.02.22-08.23.05:691][  0]LogD3D11RHI: Async texture creation enabled
[2023.02.22-08.23.05:735][  0]LogD3D11RHI: GPU Timing Frequency: 1000.000000 (Debug: 2 1)
[2023.02.22-08.23.05:738][  0]LogD3D11RHI: HDR output is supported on display 0 (NvId: 0x80061081).
[2023.02.22-08.23.05:739][  0]LogShaderCompilers: Guid format shader working directory is 9 characters bigger than the processId version (../../../../../../UE_Project/StealthGame/Intermediate/Shaders/WorkingDirectory/2828/).
[2023.02.22-08.23.05:739][  0]LogShaderCompilers: Cleaned the shader compiler working directory 'C:/Users/Wonjeong/AppData/Local/Temp/UnrealShaderWorkingDir/BE2A152E41BE40E8A4A5ABA0A3BC6051/'.
[2023.02.22-08.23.06:172][  0]LogTemp: Display: Loaded TP AllDesktopTargetPlatform
[2023.02.22-08.23.06:291][  0]LogTemp: Display: Loaded TP MacClientTargetPlatform
[2023.02.22-08.23.06:433][  0]LogTemp: Display: Loaded TP MacNoEditorTargetPlatform
[2023.02.22-08.23.06:612][  0]LogTemp: Display: Loaded TP MacServerTargetPlatform
[2023.02.22-08.23.06:699][  0]LogTemp: Display: Loaded TP MacTargetPlatform
[2023.02.22-08.23.06:818][  0]LogTemp: Display: Loaded TP WindowsClientTargetPlatform
[2023.02.22-08.23.06:888][  0]LogTemp: Display: Loaded TP WindowsNoEditorTargetPlatform
[2023.02.22-08.23.07:023][  0]LogTemp: Display: Loaded TP WindowsServerTargetPlatform
[2023.02.22-08.23.07:216][  0]LogTemp: Display: Loaded TP WindowsTargetPlatform
[2023.02.22-08.23.07:281][  0]LogTemp: Display: Loaded TP Android_ASTCTargetPlatform
[2023.02.22-08.23.07:336][  0]LogTemp: Display: Loaded TP Android_ATCTargetPlatform
[2023.02.22-08.23.07:373][  0]LogTemp: Display: Loaded TP Android_DXTTargetPlatform
[2023.02.22-08.23.07:406][  0]LogTemp: Display: Loaded TP Android_ETC1aTargetPlatform
[2023.02.22-08.23.07:487][  0]LogTemp: Display: Loaded TP Android_ETC1TargetPlatform
[2023.02.22-08.23.07:517][  0]LogTemp: Display: Loaded TP Android_ETC2TargetPlatform
[2023.02.22-08.23.07:613][  0]LogTemp: Display: Loaded TP Android_MultiTargetPlatform
[2023.02.22-08.23.07:613][  0]LogTemp: Display: Loaded TP Android_PVRTCTargetPlatform
[2023.02.22-08.23.07:661][  0]LogTemp: Display: Loaded TP AndroidTargetPlatform
[2023.02.22-08.23.07:686][  0]LogTemp: Display: Loaded TP HTML5TargetPlatform
[2023.02.22-08.23.07:923][  0]LogTemp: Display: Loaded TP IOSTargetPlatform
[2023.02.22-08.23.07:966][  0]LogTemp: Display: Loaded TP TVOSTargetPlatform
[2023.02.22-08.23.08:003][  0]LogTemp: Display: Loaded TP LinuxClientTargetPlatform
[2023.02.22-08.23.08:036][  0]LogTemp: Display: Loaded TP LinuxNoEditorTargetPlatform
[2023.02.22-08.23.08:079][  0]LogTemp: Display: Loaded TP LinuxServerTargetPlatform
[2023.02.22-08.23.08:122][  0]LogTemp: Display: Loaded TP LinuxTargetPlatform
[2023.02.22-08.23.08:122][  0]LogTargetPlatformManager: Display: Building Assets For Windows
[2023.02.22-08.23.11:704][  0]LogXGEController: Cannot use XGE Controller as Incredibuild is not installed on this machine.
[2023.02.22-08.23.11:704][  0]LogShaderCompilers: Cannot use XGE Shader Compiler as Incredibuild is not installed on this machine.
[2023.02.22-08.23.11:705][  0]LogShaderCompilers: Display: Using Local Shader Compiler.
[2023.02.22-08.23.13:227][  0]LogDerivedDataCache: Display: Max Cache Size: 512 MB
[2023.02.22-08.23.13:362][  0]LogDerivedDataCache: Loaded boot cache 0.13s 87MB C:/Users/Wonjeong/AppData/Local/UnrealEngine/4.19/DerivedDataCache/Boot.ddc.
[2023.02.22-08.23.13:363][  0]LogDerivedDataCache: Display: Loaded Boot cache: C:/Users/Wonjeong/AppData/Local/UnrealEngine/4.19/DerivedDataCache/Boot.ddc
[2023.02.22-08.23.13:363][  0]LogDerivedDataCache: FDerivedDataBackendGraph:  Pak pak cache file ../../../../../../UE_Project/StealthGame/DerivedDataCache/DDC.ddp not found, will not use a pak cache.
[2023.02.22-08.23.13:363][  0]LogDerivedDataCache: Unable to find inner node Pak for hierarchical cache Hierarchy.
[2023.02.22-08.23.13:363][  0]LogDerivedDataCache: FDerivedDataBackendGraph:  CompressedPak pak cache file ../../../../../../UE_Project/StealthGame/DerivedDataCache/Compressed.ddp not found, will not use a pak cache.
[2023.02.22-08.23.13:363][  0]LogDerivedDataCache: Unable to find inner node CompressedPak for hierarchical cache Hierarchy.
[2023.02.22-08.23.13:389][  0]LogDerivedDataCache: Display: Pak cache opened for reading ../../../Engine/DerivedDataCache/Compressed.ddp.
[2023.02.22-08.23.13:404][  0]LogDerivedDataCache: Using Local data cache path C:/Users/Wonjeong/AppData/Local/UnrealEngine/Common/DerivedDataCache: Writable
[2023.02.22-08.23.13:404][  0]LogDerivedDataCache: Shared data cache path not found in *engine.ini, will not use an Shared cache.
[2023.02.22-08.23.13:404][  0]LogDerivedDataCache: Unable to find inner node Shared for hierarchical cache Hierarchy.
[2023.02.22-08.23.13:425][  0]LogMaterial: Verifying Global Shaders for PCD3D_SM5
[2023.02.22-08.23.13:426][  0]LogSlate: Using Freetype 2.6.0
[2023.02.22-08.23.13:427][  0]LogSlate: SlateFontCache - WITH_FREETYPE: 1, WITH_HARFBUZZ: 1
[2023.02.22-08.23.13:427][  0]LogSlate: SlateFontCache - WITH_FREETYPE: 1, WITH_HARFBUZZ: 1
[2023.02.22-08.23.13:597][  0]LogAssetRegistry: FAssetRegistry took 0.0350 seconds to start up
[2023.02.22-08.23.14:121][  0]LogInit: Selected Device Profile: [Windows]
[2023.02.22-08.23.15:030][  0]LogSimplygon: Simplygon DLL not present - disabling.
[2023.02.22-08.23.15:164][  0]LogMeshReduction: Using SimplygonSwarm for distributed automatic mesh merging
[2023.02.22-08.23.15:164][  0]LogMeshReduction: Using QuadricMeshReduction for automatic static mesh reduction
[2023.02.22-08.23.15:164][  0]LogMeshReduction: No automatic skeletal mesh reduction module available
[2023.02.22-08.23.15:164][  0]LogMeshReduction: No automatic mesh merging module available
[2023.02.22-08.23.15:164][  0]LogMeshMerging: No automatic mesh merging module available
[2023.02.22-08.23.15:216][  0]LogNetVersion: FPSGame , NetCL: 3944462, EngineNetVer: 2, GameNetVer: 0 (Checksum: 4285328657)
[2023.02.22-08.23.15:895][  0]LogPackageLocalizationCache: Processed 9 localized package path(s) for 2 prioritized culture(s) in 0.122894 seconds
[2023.02.22-08.23.15:908][  0]LogUObjectArray: 36728 objects as part of root set at end of initial load.
[2023.02.22-08.23.15:908][  0]LogUObjectAllocator: 7314304 out of 0 bytes used by permanent object pool.
[2023.02.22-08.23.15:908][  0]LogUObjectArray: CloseDisregardForGC: 0/0 objects in disregard for GC pool
[2023.02.22-08.23.32:344][  0]LogTcpMessaging: Initializing TcpMessaging bridge
[2023.02.22-08.23.32:528][  0]LogUdpMessaging: Initializing bridge on interface 0.0.0.0:0 to multicast group 230.0.0.1:6666.
[2023.02.22-08.23.34:153][  0]LogUObjectGlobals: Created PersistentFrame Addr=0x000002b89c921b00, Size=64, Default__FirstPerson_AnimBP_C Function /Game/Animations/FirstPerson_AnimBP.FirstPerson_AnimBP_C:ExecuteUbergraph_FirstPerson_AnimBP
[2023.02.22-08.23.34:165][  0]LogUObjectGlobals: Destroyed PersistentFrame Addr=0x000002b89c921b00, Size=64
[2023.02.22-08.23.34:166][  0]LogUObjectGlobals: Created PersistentFrame Addr=0x000002b89c921b00, Size=64, Default__FirstPerson_AnimBP_C Function /Engine/Transient.REINST_FirstPerson_AnimBP_C_0:ExecuteUbergraph_FirstPerson_AnimBP
[2023.02.22-08.23.34:178][  0]LogUObjectGlobals: Created PersistentFrame Addr=0x000002b89c3cc860, Size=72, Default__FirstPerson_AnimBP_C Function /Game/Animations/FirstPerson_AnimBP.FirstPerson_AnimBP_C:ExecuteUbergraph_FirstPerson_AnimBP
[2023.02.22-08.23.34:278][  0]LogSkeletalMesh: Skeletal Mesh found in DDC [1.055500ms] /Game/Weapon/SK_FPGun.SK_FPGun
[2023.02.22-08.23.34:285][  0]LogSkeletalMesh: Skeletal Mesh found in DDC [1.707400ms] /Game/Character/Mesh/SK_Mannequin_Arms.SK_Mannequin_Arms
[2023.02.22-08.23.36:561][  0]SourceControl: 소스 콘트롤이 꺼졌습니다.
[2023.02.22-08.23.36:562][  0]SourceControl: 소스 콘트롤이 꺼졌습니다.
[2023.02.22-08.23.36:970][  0]SourceControl: 소스 콘트롤이 꺼졌습니다.
[2023.02.22-08.23.37:075][  0]SourceControl: 소스 콘트롤이 꺼졌습니다.
[2023.02.22-08.23.42:973][  0]LogAndroidPermission: UAndroidPermissionCallbackProxy::GetInstance
[2023.02.22-08.23.43:987][  0]LogOcInput: OculusInput pre-init called
[2023.02.22-08.23.44:941][  0]LogEngine: Initializing Engine...
[2023.02.22-08.23.44:943][  0]LogHMD: Failed to initialize OpenVR with code 110
[2023.02.22-08.23.44:945][  0]LogStats: UGameplayTagsManager::ConstructGameplayTagTree: Construct from data asset -  0.000 s
[2023.02.22-08.23.44:946][  0]LogStats: UGameplayTagsManager::ConstructGameplayTagTree: GameplayTagTreeChangedEvent.Broadcast -  0.000 s
[2023.02.22-08.23.45:369][  0]LogAIModule: Creating AISystem for world Untitled
[2023.02.22-08.23.45:430][  0]LogInit: XAudio2 using '스피커(Realtek(R) Audio)' : 2 channels at 48 kHz using 32 bits per sample (channel mask 0x3)
[2023.02.22-08.23.45:481][  0]LogInit: FAudioDevice initialized.
[2023.02.22-08.23.45:595][  0]LogDerivedDataCache: Saved boot cache 0.11s 76MB C:/Users/Wonjeong/AppData/Local/UnrealEngine/4.19/DerivedDataCache/Boot.ddc.
[2023.02.22-08.23.45:610][  0]LogInit: Texture streaming: Enabled
[2023.02.22-08.23.46:042][  0]LogEngineSessionManager: EngineSessionManager initialized
[2023.02.22-08.23.46:155][  0]LogInit: Transaction tracking system initialized
[2023.02.22-08.23.46:682][  0]BlueprintLog: New page: 에디터 로드
[2023.02.22-08.23.50:554][  0]LocalizationService: 현지화 서비스가 비활성화되었습니다.
[2023.02.22-08.23.52:152][  0]LogConsoleResponse: Display: 
[2023.02.22-08.23.52:460][  0]LogCook: Display: Max memory allowance for cook 16384mb min free memory 0mb
[2023.02.22-08.23.52:461][  0]LogCook: Display: Mobile HDR setting 1
[2023.02.22-08.23.52:461][  0]LogGameplayTags: Display: UGameplayTagsManager::DoneAddingNativeTags. DelegateIsBound: 0
[2023.02.22-08.23.52:461][  0]LogStats: UGameplayTagsManager::ConstructGameplayTagTree: Construct from data asset -  0.000 s
[2023.02.22-08.23.52:461][  0]LogStats: UGameplayTagsManager::ConstructGameplayTagTree: GameplayTagTreeChangedEvent.Broadcast -  0.000 s
[2023.02.22-08.23.52:622][  0]LogFileCache: Scanning file cache for directory 'D:/UE_Project/StealthGame/Content/' took 0.02s
[2023.02.22-08.23.55:534][  0]SourceControl: 소스 콘트롤이 꺼졌습니다.
[2023.02.22-08.23.55:534][  0]Cmd: MAP LOAD FILE="../../../../../../UE_Project/StealthGame/Content/Maps/FirstPersonExampleMap.umap" TEMPLATE=0 SHOWPROGRESS=1 FEATURELEVEL=3
[2023.02.22-08.23.55:535][  0]LightingResults: New page: 라이팅 빌드
[2023.02.22-08.23.55:538][  0]MapCheck: New page: 맵 체크
[2023.02.22-08.23.55:539][  0]LightingResults: New page: 라이팅 빌드
[2023.02.22-08.23.55:554][  0]LogUObjectGlobals: Destroyed PersistentFrame Addr=0x000002b89c921b00, Size=64
[2023.02.22-08.23.55:681][  0]LogAIModule: Creating AISystem for world FirstPersonExampleMap
[2023.02.22-08.23.55:699][  0]LogEditorServer: Finished looking for orphan Actors (0.000 secs)
[2023.02.22-08.23.55:715][  0]Cmd: MAP CHECKDEP NOCLEARLOG
[2023.02.22-08.23.55:784][  0]MapCheck: 맵 체크 완료: 오류 0 회, 경고 0 회, 소요 시간 69.157ms.
[2023.02.22-08.23.55:784][  0]LogFileHelpers: Loading map 'FirstPersonExampleMap' took 0.250
[2023.02.22-08.23.56:144][  0]LogCollectionManager: Loaded 0 collections in 0.002370 seconds
[2023.02.22-08.23.56:201][  0]LogFileCache: Scanning file cache for directory 'D:/UE_Project/StealthGame/Saved/Collections/' took 0.01s
[2023.02.22-08.23.56:201][  0]LogFileCache: Scanning file cache for directory 'D:/UE_Project/StealthGame/Content/Developers/82104/Collections/' took 0.01s
[2023.02.22-08.23.56:201][  0]LogFileCache: Scanning file cache for directory 'D:/UE_Project/StealthGame/Content/Collections/' took 0.01s
[2023.02.22-08.23.56:201][  0]LogCollectionManager: Rebuilt the GUID cache for 0 collections in 0.000000 seconds
[2023.02.22-08.23.56:218][  0]LogContentBrowser: Native class hierarchy populated in 0.0163 seconds. Added 2457 classes and 561 folders.
[2023.02.22-08.23.56:230][  0]LogContentBrowser: Native class hierarchy updated for 'WidgetCarousel' in 0.0012 seconds. Added 0 classes and 0 folders.
[2023.02.22-08.23.56:296][  0]LogContentBrowser: Native class hierarchy updated for 'AddContentDialog' in 0.0010 seconds. Added 0 classes and 0 folders.
[2023.02.22-08.23.56:409][  0]LogContentBrowser: Native class hierarchy updated for 'SceneOutliner' in 0.0015 seconds. Added 1 classes and 2 folders.
[2023.02.22-08.23.56:524][  0]LogSlate: Took 0.000418 seconds to synchronously load lazily loaded font '../../../Engine/Content/Slate/Fonts/Roboto-Regular.ttf' (155K)
[2023.02.22-08.23.56:531][  0]LogSlate: Took 0.004310 seconds to synchronously load lazily loaded font '../../../Engine/Content/Editor/Slate/Fonts/NanumGothic.ttf' (4243K)
[2023.02.22-08.23.56:537][  0]LogSlate: Took 0.004836 seconds to synchronously load lazily loaded font '../../../Engine/Content/Editor/Slate/Fonts/NanumGothicBold.ttf' (4188K)
[2023.02.22-08.23.56:538][  0]LogSlate: Took 0.000303 seconds to synchronously load lazily loaded font '../../../Engine/Content/Slate/Fonts/Roboto-Bold.ttf' (160K)
[2023.02.22-08.23.56:546][  0]LogSlate: Took 0.000288 seconds to synchronously load lazily loaded font '../../../Engine/Content/Editor/Slate/Fonts/FontAwesome.ttf' (139K)
[2023.02.22-08.23.56:676][  0]LogRenderer: Reallocating scene render targets to support 1872x668 Format 10 NumSamples 1 (Frame:1).
[2023.02.22-08.23.56:763][  0]LogSlate: Took 0.000494 seconds to synchronously load lazily loaded font '../../../Engine/Content/Slate/Fonts/Roboto-Light.ttf' (167K)
[2023.02.22-08.23.57:716][  0]LogContentBrowser: Native class hierarchy updated for 'HierarchicalLODOutliner' in 0.0012 seconds. Added 0 classes and 0 folders.
[2023.02.22-08.23.57:717][  0]LogLoad: (Engine Initialization) Total time: 60.49 seconds
[2023.02.22-08.23.57:717][  0]LogLoad: (Engine Initialization) Total Blueprint compile time: 0.00 seconds
[2023.02.22-08.23.58:083][  0]LogContentStreaming: Texture pool size now 1000 MB
[2023.02.22-08.23.58:402][  1]LogAssetRegistry: Asset discovery search completed in 44.8333 seconds
[2023.02.22-08.23.58:406][  1]LogCollectionManager: Rebuilt the object cache for 0 collections in 0.000000 seconds (found 0 objects)
[2023.02.22-08.23.58:406][  1]LogCollectionManager: Fixed up redirectors for 0 collections in 0.000303 seconds (updated 0 objects)
